<?xml version="1.0" encoding="UTF-8"?>
<testsuite xmlns:xsi="http://www.w3.org/2001/XMLSchema-instance" xsi:noNamespaceSchemaLocation="https://maven.apache.org/surefire/maven-surefire-plugin/xsd/surefire-test-report.xsd" name="org.springframework.samples.petclinic.vet.VetControllerTests" time="2.738" tests="2" errors="0" skipped="0" failures="0">
  <properties>
    <property name="sun.desktop" value="windows"/>
    <property name="awt.toolkit" value="sun.awt.windows.WToolkit"/>
    <property name="git.tags" value=""/>
    <property name="file.encoding.pkg" value="sun.io"/>
    <property name="java.specification.version" value="1.8"/>
    <property name="sun.cpu.isalist" value="amd64"/>
    <property name="git.build.version" value="2.2.0.BUILD-SNAPSHOT"/>
    <property name="sun.jnu.encoding" value="Cp1252"/>
    <property name="java.class.path" value="D:\AP2\SupportingSoftwares\CI-CD\TrainingSampleProject\spring-petclinic\spring-petclinic\target\test-classes;D:\AP2\SupportingSoftwares\CI-CD\TrainingSampleProject\spring-petclinic\spring-petclinic\target\classes;D:\Tools\Maven_repo\org\springframework\boot\spring-boot-starter-actuator\2.2.2.RELEASE\spring-boot-starter-actuator-2.2.2.RELEASE.jar;D:\Tools\Maven_repo\org\springframework\boot\spring-boot-starter\2.2.2.RELEASE\spring-boot-starter-2.2.2.RELEASE.jar;D:\Tools\Maven_repo\org\springframework\boot\spring-boot-starter-logging\2.2.2.RELEASE\spring-boot-starter-logging-2.2.2.RELEASE.jar;D:\Tools\Maven_repo\ch\qos\logback\logback-classic\1.2.3\logback-classic-1.2.3.jar;D:\Tools\Maven_repo\ch\qos\logback\logback-core\1.2.3\logback-core-1.2.3.jar;D:\Tools\Maven_repo\org\apache\logging\log4j\log4j-to-slf4j\2.12.1\log4j-to-slf4j-2.12.1.jar;D:\Tools\Maven_repo\org\apache\logging\log4j\log4j-api\2.12.1\log4j-api-2.12.1.jar;D:\Tools\Maven_repo\org\slf4j\jul-to-slf4j\1.7.29\jul-to-slf4j-1.7.29.jar;D:\Tools\Maven_repo\jakarta\annotation\jakarta.annotation-api\1.3.5\jakarta.annotation-api-1.3.5.jar;D:\Tools\Maven_repo\org\yaml\snakeyaml\1.25\snakeyaml-1.25.jar;D:\Tools\Maven_repo\org\springframework\boot\spring-boot-actuator-autoconfigure\2.2.2.RELEASE\spring-boot-actuator-autoconfigure-2.2.2.RELEASE.jar;D:\Tools\Maven_repo\org\springframework\boot\spring-boot-actuator\2.2.2.RELEASE\spring-boot-actuator-2.2.2.RELEASE.jar;D:\Tools\Maven_repo\com\fasterxml\jackson\core\jackson-databind\2.10.1\jackson-databind-2.10.1.jar;D:\Tools\Maven_repo\com\fasterxml\jackson\core\jackson-annotations\2.10.1\jackson-annotations-2.10.1.jar;D:\Tools\Maven_repo\org\springframework\spring-context\5.2.2.RELEASE\spring-context-5.2.2.RELEASE.jar;D:\Tools\Maven_repo\com\fasterxml\jackson\datatype\jackson-datatype-jsr310\2.10.1\jackson-datatype-jsr310-2.10.1.jar;D:\Tools\Maven_repo\io\micrometer\micrometer-core\1.3.1\micrometer-core-1.3.1.jar;D:\Tools\Maven_repo\org\hdrhistogram\HdrHistogram\2.1.11\HdrHistogram-2.1.11.jar;D:\Tools\Maven_repo\org\latencyutils\LatencyUtils\2.0.3\LatencyUtils-2.0.3.jar;D:\Tools\Maven_repo\org\springframework\boot\spring-boot-starter-cache\2.2.2.RELEASE\spring-boot-starter-cache-2.2.2.RELEASE.jar;D:\Tools\Maven_repo\org\springframework\spring-context-support\5.2.2.RELEASE\spring-context-support-5.2.2.RELEASE.jar;D:\Tools\Maven_repo\org\springframework\spring-beans\5.2.2.RELEASE\spring-beans-5.2.2.RELEASE.jar;D:\Tools\Maven_repo\org\springframework\boot\spring-boot-starter-data-jpa\2.2.2.RELEASE\spring-boot-starter-data-jpa-2.2.2.RELEASE.jar;D:\Tools\Maven_repo\org\springframework\boot\spring-boot-starter-aop\2.2.2.RELEASE\spring-boot-starter-aop-2.2.2.RELEASE.jar;D:\Tools\Maven_repo\org\springframework\spring-aop\5.2.2.RELEASE\spring-aop-5.2.2.RELEASE.jar;D:\Tools\Maven_repo\org\aspectj\aspectjweaver\1.9.5\aspectjweaver-1.9.5.jar;D:\Tools\Maven_repo\org\springframework\boot\spring-boot-starter-jdbc\2.2.2.RELEASE\spring-boot-starter-jdbc-2.2.2.RELEASE.jar;D:\Tools\Maven_repo\com\zaxxer\HikariCP\3.4.1\HikariCP-3.4.1.jar;D:\Tools\Maven_repo\org\springframework\spring-jdbc\5.2.2.RELEASE\spring-jdbc-5.2.2.RELEASE.jar;D:\Tools\Maven_repo\jakarta\activation\jakarta.activation-api\1.2.1\jakarta.activation-api-1.2.1.jar;D:\Tools\Maven_repo\jakarta\persistence\jakarta.persistence-api\2.2.3\jakarta.persistence-api-2.2.3.jar;D:\Tools\Maven_repo\jakarta\transaction\jakarta.transaction-api\1.3.3\jakarta.transaction-api-1.3.3.jar;D:\Tools\Maven_repo\org\hibernate\hibernate-core\5.4.9.Final\hibernate-core-5.4.9.Final.jar;D:\Tools\Maven_repo\org\jboss\logging\jboss-logging\3.4.1.Final\jboss-logging-3.4.1.Final.jar;D:\Tools\Maven_repo\org\javassist\javassist\3.24.0-GA\javassist-3.24.0-GA.jar;D:\Tools\Maven_repo\net\bytebuddy\byte-buddy\1.10.4\byte-buddy-1.10.4.jar;D:\Tools\Maven_repo\antlr\antlr\2.7.7\antlr-2.7.7.jar;D:\Tools\Maven_repo\org\jboss\jandex\2.1.1.Final\jandex-2.1.1.Final.jar;D:\Tools\Maven_repo\com\fasterxml\classmate\1.5.1\classmate-1.5.1.jar;D:\Tools\Maven_repo\org\dom4j\dom4j\2.1.1\dom4j-2.1.1.jar;D:\Tools\Maven_repo\org\hibernate\common\hibernate-commons-annotations\5.1.0.Final\hibernate-commons-annotations-5.1.0.Final.jar;D:\Tools\Maven_repo\org\springframework\data\spring-data-jpa\2.2.3.RELEASE\spring-data-jpa-2.2.3.RELEASE.jar;D:\Tools\Maven_repo\org\springframework\data\spring-data-commons\2.2.3.RELEASE\spring-data-commons-2.2.3.RELEASE.jar;D:\Tools\Maven_repo\org\springframework\spring-orm\5.2.2.RELEASE\spring-orm-5.2.2.RELEASE.jar;D:\Tools\Maven_repo\org\springframework\spring-tx\5.2.2.RELEASE\spring-tx-5.2.2.RELEASE.jar;D:\Tools\Maven_repo\org\springframework\spring-aspects\5.2.2.RELEASE\spring-aspects-5.2.2.RELEASE.jar;D:\Tools\Maven_repo\org\springframework\boot\spring-boot-starter-web\2.2.2.RELEASE\spring-boot-starter-web-2.2.2.RELEASE.jar;D:\Tools\Maven_repo\org\springframework\boot\spring-boot-starter-json\2.2.2.RELEASE\spring-boot-starter-json-2.2.2.RELEASE.jar;D:\Tools\Maven_repo\com\fasterxml\jackson\datatype\jackson-datatype-jdk8\2.10.1\jackson-datatype-jdk8-2.10.1.jar;D:\Tools\Maven_repo\com\fasterxml\jackson\module\jackson-module-parameter-names\2.10.1\jackson-module-parameter-names-2.10.1.jar;D:\Tools\Maven_repo\org\springframework\boot\spring-boot-starter-tomcat\2.2.2.RELEASE\spring-boot-starter-tomcat-2.2.2.RELEASE.jar;D:\Tools\Maven_repo\org\apache\tomcat\embed\tomcat-embed-core\9.0.29\tomcat-embed-core-9.0.29.jar;D:\Tools\Maven_repo\org\apache\tomcat\embed\tomcat-embed-el\9.0.29\tomcat-embed-el-9.0.29.jar;D:\Tools\Maven_repo\org\apache\tomcat\embed\tomcat-embed-websocket\9.0.29\tomcat-embed-websocket-9.0.29.jar;D:\Tools\Maven_repo\org\springframework\boot\spring-boot-starter-validation\2.2.2.RELEASE\spring-boot-starter-validation-2.2.2.RELEASE.jar;D:\Tools\Maven_repo\jakarta\validation\jakarta.validation-api\2.0.1\jakarta.validation-api-2.0.1.jar;D:\Tools\Maven_repo\org\hibernate\validator\hibernate-validator\6.0.18.Final\hibernate-validator-6.0.18.Final.jar;D:\Tools\Maven_repo\org\springframework\spring-web\5.2.2.RELEASE\spring-web-5.2.2.RELEASE.jar;D:\Tools\Maven_repo\org\springframework\spring-webmvc\5.2.2.RELEASE\spring-webmvc-5.2.2.RELEASE.jar;D:\Tools\Maven_repo\org\springframework\spring-expression\5.2.2.RELEASE\spring-expression-5.2.2.RELEASE.jar;D:\Tools\Maven_repo\org\springframework\boot\spring-boot-starter-thymeleaf\2.2.2.RELEASE\spring-boot-starter-thymeleaf-2.2.2.RELEASE.jar;D:\Tools\Maven_repo\org\thymeleaf\thymeleaf-spring5\3.0.11.RELEASE\thymeleaf-spring5-3.0.11.RELEASE.jar;D:\Tools\Maven_repo\org\thymeleaf\thymeleaf\3.0.11.RELEASE\thymeleaf-3.0.11.RELEASE.jar;D:\Tools\Maven_repo\org\attoparser\attoparser\2.0.5.RELEASE\attoparser-2.0.5.RELEASE.jar;D:\Tools\Maven_repo\org\unbescape\unbescape\1.1.6.RELEASE\unbescape-1.1.6.RELEASE.jar;D:\Tools\Maven_repo\org\thymeleaf\extras\thymeleaf-extras-java8time\3.0.4.RELEASE\thymeleaf-extras-java8time-3.0.4.RELEASE.jar;D:\Tools\Maven_repo\org\springframework\boot\spring-boot-starter-test\2.2.2.RELEASE\spring-boot-starter-test-2.2.2.RELEASE.jar;D:\Tools\Maven_repo\org\springframework\boot\spring-boot-test\2.2.2.RELEASE\spring-boot-test-2.2.2.RELEASE.jar;D:\Tools\Maven_repo\org\springframework\boot\spring-boot-test-autoconfigure\2.2.2.RELEASE\spring-boot-test-autoconfigure-2.2.2.RELEASE.jar;D:\Tools\Maven_repo\com\jayway\jsonpath\json-path\2.4.0\json-path-2.4.0.jar;D:\Tools\Maven_repo\net\minidev\json-smart\2.3\json-smart-2.3.jar;D:\Tools\Maven_repo\net\minidev\accessors-smart\1.2\accessors-smart-1.2.jar;D:\Tools\Maven_repo\org\ow2\asm\asm\5.0.4\asm-5.0.4.jar;D:\Tools\Maven_repo\jakarta\xml\bind\jakarta.xml.bind-api\2.3.2\jakarta.xml.bind-api-2.3.2.jar;D:\Tools\Maven_repo\org\junit\jupiter\junit-jupiter\5.5.2\junit-jupiter-5.5.2.jar;D:\Tools\Maven_repo\org\junit\jupiter\junit-jupiter-params\5.5.2\junit-jupiter-params-5.5.2.jar;D:\Tools\Maven_repo\org\assertj\assertj-core\3.13.2\assertj-core-3.13.2.jar;D:\Tools\Maven_repo\org\hamcrest\hamcrest\2.1\hamcrest-2.1.jar;D:\Tools\Maven_repo\org\mockito\mockito-core\3.1.0\mockito-core-3.1.0.jar;D:\Tools\Maven_repo\net\bytebuddy\byte-buddy-agent\1.10.4\byte-buddy-agent-1.10.4.jar;D:\Tools\Maven_repo\org\objenesis\objenesis\2.6\objenesis-2.6.jar;D:\Tools\Maven_repo\org\skyscreamer\jsonassert\1.5.0\jsonassert-1.5.0.jar;D:\Tools\Maven_repo\com\vaadin\external\google\android-json\0.0.20131108.vaadin1\android-json-0.0.20131108.vaadin1.jar;D:\Tools\Maven_repo\org\springframework\spring-core\5.2.2.RELEASE\spring-core-5.2.2.RELEASE.jar;D:\Tools\Maven_repo\org\springframework\spring-jcl\5.2.2.RELEASE\spring-jcl-5.2.2.RELEASE.jar;D:\Tools\Maven_repo\org\springframework\spring-test\5.2.2.RELEASE\spring-test-5.2.2.RELEASE.jar;D:\Tools\Maven_repo\org\xmlunit\xmlunit-core\2.6.3\xmlunit-core-2.6.3.jar;D:\Tools\Maven_repo\org\hsqldb\hsqldb\2.5.0\hsqldb-2.5.0.jar;D:\Tools\Maven_repo\mysql\mysql-connector-java\8.0.18\mysql-connector-java-8.0.18.jar;D:\Tools\Maven_repo\javax\cache\cache-api\1.1.1\cache-api-1.1.1.jar;D:\Tools\Maven_repo\org\ehcache\ehcache\3.8.1\ehcache-3.8.1.jar;D:\Tools\Maven_repo\org\slf4j\slf4j-api\1.7.29\slf4j-api-1.7.29.jar;D:\Tools\Maven_repo\org\glassfish\jaxb\jaxb-runtime\2.3.2\jaxb-runtime-2.3.2.jar;D:\Tools\Maven_repo\org\glassfish\jaxb\txw2\2.3.2\txw2-2.3.2.jar;D:\Tools\Maven_repo\com\sun\istack\istack-commons-runtime\3.0.8\istack-commons-runtime-3.0.8.jar;D:\Tools\Maven_repo\org\jvnet\staxex\stax-ex\1.8.1\stax-ex-1.8.1.jar;D:\Tools\Maven_repo\com\sun\xml\fastinfoset\FastInfoset\1.2.16\FastInfoset-1.2.16.jar;D:\Tools\Maven_repo\org\webjars\webjars-locator-core\0.41\webjars-locator-core-0.41.jar;D:\Tools\Maven_repo\io\github\classgraph\classgraph\4.8.44\classgraph-4.8.44.jar;D:\Tools\Maven_repo\com\fasterxml\jackson\core\jackson-core\2.10.1\jackson-core-2.10.1.jar;D:\Tools\Maven_repo\org\webjars\npm\angular__http\2.4.10\angular__http-2.4.10.jar;D:\Tools\Maven_repo\org\webjars\jquery\2.2.4\jquery-2.2.4.jar;D:\Tools\Maven_repo\org\webjars\jquery-ui\1.11.4\jquery-ui-1.11.4.jar;D:\Tools\Maven_repo\org\webjars\bootstrap\3.3.6\bootstrap-3.3.6.jar;D:\Tools\Maven_repo\org\junit\jupiter\junit-jupiter-engine\5.5.2\junit-jupiter-engine-5.5.2.jar;D:\Tools\Maven_repo\org\apiguardian\apiguardian-api\1.1.0\apiguardian-api-1.1.0.jar;D:\Tools\Maven_repo\org\junit\platform\junit-platform-engine\1.5.2\junit-platform-engine-1.5.2.jar;D:\Tools\Maven_repo\org\opentest4j\opentest4j\1.2.0\opentest4j-1.2.0.jar;D:\Tools\Maven_repo\org\junit\platform\junit-platform-commons\1.5.2\junit-platform-commons-1.5.2.jar;D:\Tools\Maven_repo\org\junit\jupiter\junit-jupiter-api\5.5.2\junit-jupiter-api-5.5.2.jar;D:\Tools\Maven_repo\org\mockito\mockito-junit-jupiter\3.1.0\mockito-junit-jupiter-3.1.0.jar;D:\Tools\Maven_repo\org\springframework\boot\spring-boot-devtools\2.2.2.RELEASE\spring-boot-devtools-2.2.2.RELEASE.jar;D:\Tools\Maven_repo\org\springframework\boot\spring-boot\2.2.2.RELEASE\spring-boot-2.2.2.RELEASE.jar;D:\Tools\Maven_repo\org\springframework\boot\spring-boot-autoconfigure\2.2.2.RELEASE\spring-boot-autoconfigure-2.2.2.RELEASE.jar;"/>
    <property name="git.branch" value="master"/>
    <property name="git.build.host" value="LPT821"/>
    <property name="java.vm.vendor" value="Oracle Corporation"/>
    <property name="sun.arch.data.model" value="64"/>
    <property name="user.variant" value=""/>
    <property name="git.commit.id" value="f9424b548ad476f1cffb7b013ea832d620963925"/>
    <property name="java.vendor.url" value="http://java.oracle.com/"/>
    <property name="user.timezone" value="Asia/Calcutta"/>
    <property name="os.name" value="Windows 8.1"/>
    <property name="java.vm.specification.version" value="1.8"/>
    <property name="sun.java.launcher" value="SUN_STANDARD"/>
    <property name="git.build.user.name" value=""/>
    <property name="user.country" value="IN"/>
    <property name="sun.boot.library.path" value="C:\Program Files\Java\jdk1.8.0_144\jre\bin"/>
    <property name="sun.java.command" value="C:\Users\VISHAL~1.KHO\AppData\Local\Temp\surefire3686622977414335717\surefirebooter8661333148939250280.jar C:\Users\vishal.khot\AppData\Local\Temp\surefire3686622977414335717 2019-12-16T16-37-41_804-jvmRun1 surefire5618571734470511529tmp surefire_09175085223433022173tmp"/>
    <property name="surefire.test.class.path" value="D:\AP2\SupportingSoftwares\CI-CD\TrainingSampleProject\spring-petclinic\spring-petclinic\target\test-classes;D:\AP2\SupportingSoftwares\CI-CD\TrainingSampleProject\spring-petclinic\spring-petclinic\target\classes;D:\Tools\Maven_repo\org\springframework\boot\spring-boot-starter-actuator\2.2.2.RELEASE\spring-boot-starter-actuator-2.2.2.RELEASE.jar;D:\Tools\Maven_repo\org\springframework\boot\spring-boot-starter\2.2.2.RELEASE\spring-boot-starter-2.2.2.RELEASE.jar;D:\Tools\Maven_repo\org\springframework\boot\spring-boot-starter-logging\2.2.2.RELEASE\spring-boot-starter-logging-2.2.2.RELEASE.jar;D:\Tools\Maven_repo\ch\qos\logback\logback-classic\1.2.3\logback-classic-1.2.3.jar;D:\Tools\Maven_repo\ch\qos\logback\logback-core\1.2.3\logback-core-1.2.3.jar;D:\Tools\Maven_repo\org\apache\logging\log4j\log4j-to-slf4j\2.12.1\log4j-to-slf4j-2.12.1.jar;D:\Tools\Maven_repo\org\apache\logging\log4j\log4j-api\2.12.1\log4j-api-2.12.1.jar;D:\Tools\Maven_repo\org\slf4j\jul-to-slf4j\1.7.29\jul-to-slf4j-1.7.29.jar;D:\Tools\Maven_repo\jakarta\annotation\jakarta.annotation-api\1.3.5\jakarta.annotation-api-1.3.5.jar;D:\Tools\Maven_repo\org\yaml\snakeyaml\1.25\snakeyaml-1.25.jar;D:\Tools\Maven_repo\org\springframework\boot\spring-boot-actuator-autoconfigure\2.2.2.RELEASE\spring-boot-actuator-autoconfigure-2.2.2.RELEASE.jar;D:\Tools\Maven_repo\org\springframework\boot\spring-boot-actuator\2.2.2.RELEASE\spring-boot-actuator-2.2.2.RELEASE.jar;D:\Tools\Maven_repo\com\fasterxml\jackson\core\jackson-databind\2.10.1\jackson-databind-2.10.1.jar;D:\Tools\Maven_repo\com\fasterxml\jackson\core\jackson-annotations\2.10.1\jackson-annotations-2.10.1.jar;D:\Tools\Maven_repo\org\springframework\spring-context\5.2.2.RELEASE\spring-context-5.2.2.RELEASE.jar;D:\Tools\Maven_repo\com\fasterxml\jackson\datatype\jackson-datatype-jsr310\2.10.1\jackson-datatype-jsr310-2.10.1.jar;D:\Tools\Maven_repo\io\micrometer\micrometer-core\1.3.1\micrometer-core-1.3.1.jar;D:\Tools\Maven_repo\org\hdrhistogram\HdrHistogram\2.1.11\HdrHistogram-2.1.11.jar;D:\Tools\Maven_repo\org\latencyutils\LatencyUtils\2.0.3\LatencyUtils-2.0.3.jar;D:\Tools\Maven_repo\org\springframework\boot\spring-boot-starter-cache\2.2.2.RELEASE\spring-boot-starter-cache-2.2.2.RELEASE.jar;D:\Tools\Maven_repo\org\springframework\spring-context-support\5.2.2.RELEASE\spring-context-support-5.2.2.RELEASE.jar;D:\Tools\Maven_repo\org\springframework\spring-beans\5.2.2.RELEASE\spring-beans-5.2.2.RELEASE.jar;D:\Tools\Maven_repo\org\springframework\boot\spring-boot-starter-data-jpa\2.2.2.RELEASE\spring-boot-starter-data-jpa-2.2.2.RELEASE.jar;D:\Tools\Maven_repo\org\springframework\boot\spring-boot-starter-aop\2.2.2.RELEASE\spring-boot-starter-aop-2.2.2.RELEASE.jar;D:\Tools\Maven_repo\org\springframework\spring-aop\5.2.2.RELEASE\spring-aop-5.2.2.RELEASE.jar;D:\Tools\Maven_repo\org\aspectj\aspectjweaver\1.9.5\aspectjweaver-1.9.5.jar;D:\Tools\Maven_repo\org\springframework\boot\spring-boot-starter-jdbc\2.2.2.RELEASE\spring-boot-starter-jdbc-2.2.2.RELEASE.jar;D:\Tools\Maven_repo\com\zaxxer\HikariCP\3.4.1\HikariCP-3.4.1.jar;D:\Tools\Maven_repo\org\springframework\spring-jdbc\5.2.2.RELEASE\spring-jdbc-5.2.2.RELEASE.jar;D:\Tools\Maven_repo\jakarta\activation\jakarta.activation-api\1.2.1\jakarta.activation-api-1.2.1.jar;D:\Tools\Maven_repo\jakarta\persistence\jakarta.persistence-api\2.2.3\jakarta.persistence-api-2.2.3.jar;D:\Tools\Maven_repo\jakarta\transaction\jakarta.transaction-api\1.3.3\jakarta.transaction-api-1.3.3.jar;D:\Tools\Maven_repo\org\hibernate\hibernate-core\5.4.9.Final\hibernate-core-5.4.9.Final.jar;D:\Tools\Maven_repo\org\jboss\logging\jboss-logging\3.4.1.Final\jboss-logging-3.4.1.Final.jar;D:\Tools\Maven_repo\org\javassist\javassist\3.24.0-GA\javassist-3.24.0-GA.jar;D:\Tools\Maven_repo\net\bytebuddy\byte-buddy\1.10.4\byte-buddy-1.10.4.jar;D:\Tools\Maven_repo\antlr\antlr\2.7.7\antlr-2.7.7.jar;D:\Tools\Maven_repo\org\jboss\jandex\2.1.1.Final\jandex-2.1.1.Final.jar;D:\Tools\Maven_repo\com\fasterxml\classmate\1.5.1\classmate-1.5.1.jar;D:\Tools\Maven_repo\org\dom4j\dom4j\2.1.1\dom4j-2.1.1.jar;D:\Tools\Maven_repo\org\hibernate\common\hibernate-commons-annotations\5.1.0.Final\hibernate-commons-annotations-5.1.0.Final.jar;D:\Tools\Maven_repo\org\springframework\data\spring-data-jpa\2.2.3.RELEASE\spring-data-jpa-2.2.3.RELEASE.jar;D:\Tools\Maven_repo\org\springframework\data\spring-data-commons\2.2.3.RELEASE\spring-data-commons-2.2.3.RELEASE.jar;D:\Tools\Maven_repo\org\springframework\spring-orm\5.2.2.RELEASE\spring-orm-5.2.2.RELEASE.jar;D:\Tools\Maven_repo\org\springframework\spring-tx\5.2.2.RELEASE\spring-tx-5.2.2.RELEASE.jar;D:\Tools\Maven_repo\org\springframework\spring-aspects\5.2.2.RELEASE\spring-aspects-5.2.2.RELEASE.jar;D:\Tools\Maven_repo\org\springframework\boot\spring-boot-starter-web\2.2.2.RELEASE\spring-boot-starter-web-2.2.2.RELEASE.jar;D:\Tools\Maven_repo\org\springframework\boot\spring-boot-starter-json\2.2.2.RELEASE\spring-boot-starter-json-2.2.2.RELEASE.jar;D:\Tools\Maven_repo\com\fasterxml\jackson\datatype\jackson-datatype-jdk8\2.10.1\jackson-datatype-jdk8-2.10.1.jar;D:\Tools\Maven_repo\com\fasterxml\jackson\module\jackson-module-parameter-names\2.10.1\jackson-module-parameter-names-2.10.1.jar;D:\Tools\Maven_repo\org\springframework\boot\spring-boot-starter-tomcat\2.2.2.RELEASE\spring-boot-starter-tomcat-2.2.2.RELEASE.jar;D:\Tools\Maven_repo\org\apache\tomcat\embed\tomcat-embed-core\9.0.29\tomcat-embed-core-9.0.29.jar;D:\Tools\Maven_repo\org\apache\tomcat\embed\tomcat-embed-el\9.0.29\tomcat-embed-el-9.0.29.jar;D:\Tools\Maven_repo\org\apache\tomcat\embed\tomcat-embed-websocket\9.0.29\tomcat-embed-websocket-9.0.29.jar;D:\Tools\Maven_repo\org\springframework\boot\spring-boot-starter-validation\2.2.2.RELEASE\spring-boot-starter-validation-2.2.2.RELEASE.jar;D:\Tools\Maven_repo\jakarta\validation\jakarta.validation-api\2.0.1\jakarta.validation-api-2.0.1.jar;D:\Tools\Maven_repo\org\hibernate\validator\hibernate-validator\6.0.18.Final\hibernate-validator-6.0.18.Final.jar;D:\Tools\Maven_repo\org\springframework\spring-web\5.2.2.RELEASE\spring-web-5.2.2.RELEASE.jar;D:\Tools\Maven_repo\org\springframework\spring-webmvc\5.2.2.RELEASE\spring-webmvc-5.2.2.RELEASE.jar;D:\Tools\Maven_repo\org\springframework\spring-expression\5.2.2.RELEASE\spring-expression-5.2.2.RELEASE.jar;D:\Tools\Maven_repo\org\springframework\boot\spring-boot-starter-thymeleaf\2.2.2.RELEASE\spring-boot-starter-thymeleaf-2.2.2.RELEASE.jar;D:\Tools\Maven_repo\org\thymeleaf\thymeleaf-spring5\3.0.11.RELEASE\thymeleaf-spring5-3.0.11.RELEASE.jar;D:\Tools\Maven_repo\org\thymeleaf\thymeleaf\3.0.11.RELEASE\thymeleaf-3.0.11.RELEASE.jar;D:\Tools\Maven_repo\org\attoparser\attoparser\2.0.5.RELEASE\attoparser-2.0.5.RELEASE.jar;D:\Tools\Maven_repo\org\unbescape\unbescape\1.1.6.RELEASE\unbescape-1.1.6.RELEASE.jar;D:\Tools\Maven_repo\org\thymeleaf\extras\thymeleaf-extras-java8time\3.0.4.RELEASE\thymeleaf-extras-java8time-3.0.4.RELEASE.jar;D:\Tools\Maven_repo\org\springframework\boot\spring-boot-starter-test\2.2.2.RELEASE\spring-boot-starter-test-2.2.2.RELEASE.jar;D:\Tools\Maven_repo\org\springframework\boot\spring-boot-test\2.2.2.RELEASE\spring-boot-test-2.2.2.RELEASE.jar;D:\Tools\Maven_repo\org\springframework\boot\spring-boot-test-autoconfigure\2.2.2.RELEASE\spring-boot-test-autoconfigure-2.2.2.RELEASE.jar;D:\Tools\Maven_repo\com\jayway\jsonpath\json-path\2.4.0\json-path-2.4.0.jar;D:\Tools\Maven_repo\net\minidev\json-smart\2.3\json-smart-2.3.jar;D:\Tools\Maven_repo\net\minidev\accessors-smart\1.2\accessors-smart-1.2.jar;D:\Tools\Maven_repo\org\ow2\asm\asm\5.0.4\asm-5.0.4.jar;D:\Tools\Maven_repo\jakarta\xml\bind\jakarta.xml.bind-api\2.3.2\jakarta.xml.bind-api-2.3.2.jar;D:\Tools\Maven_repo\org\junit\jupiter\junit-jupiter\5.5.2\junit-jupiter-5.5.2.jar;D:\Tools\Maven_repo\org\junit\jupiter\junit-jupiter-params\5.5.2\junit-jupiter-params-5.5.2.jar;D:\Tools\Maven_repo\org\assertj\assertj-core\3.13.2\assertj-core-3.13.2.jar;D:\Tools\Maven_repo\org\hamcrest\hamcrest\2.1\hamcrest-2.1.jar;D:\Tools\Maven_repo\org\mockito\mockito-core\3.1.0\mockito-core-3.1.0.jar;D:\Tools\Maven_repo\net\bytebuddy\byte-buddy-agent\1.10.4\byte-buddy-agent-1.10.4.jar;D:\Tools\Maven_repo\org\objenesis\objenesis\2.6\objenesis-2.6.jar;D:\Tools\Maven_repo\org\skyscreamer\jsonassert\1.5.0\jsonassert-1.5.0.jar;D:\Tools\Maven_repo\com\vaadin\external\google\android-json\0.0.20131108.vaadin1\android-json-0.0.20131108.vaadin1.jar;D:\Tools\Maven_repo\org\springframework\spring-core\5.2.2.RELEASE\spring-core-5.2.2.RELEASE.jar;D:\Tools\Maven_repo\org\springframework\spring-jcl\5.2.2.RELEASE\spring-jcl-5.2.2.RELEASE.jar;D:\Tools\Maven_repo\org\springframework\spring-test\5.2.2.RELEASE\spring-test-5.2.2.RELEASE.jar;D:\Tools\Maven_repo\org\xmlunit\xmlunit-core\2.6.3\xmlunit-core-2.6.3.jar;D:\Tools\Maven_repo\org\hsqldb\hsqldb\2.5.0\hsqldb-2.5.0.jar;D:\Tools\Maven_repo\mysql\mysql-connector-java\8.0.18\mysql-connector-java-8.0.18.jar;D:\Tools\Maven_repo\javax\cache\cache-api\1.1.1\cache-api-1.1.1.jar;D:\Tools\Maven_repo\org\ehcache\ehcache\3.8.1\ehcache-3.8.1.jar;D:\Tools\Maven_repo\org\slf4j\slf4j-api\1.7.29\slf4j-api-1.7.29.jar;D:\Tools\Maven_repo\org\glassfish\jaxb\jaxb-runtime\2.3.2\jaxb-runtime-2.3.2.jar;D:\Tools\Maven_repo\org\glassfish\jaxb\txw2\2.3.2\txw2-2.3.2.jar;D:\Tools\Maven_repo\com\sun\istack\istack-commons-runtime\3.0.8\istack-commons-runtime-3.0.8.jar;D:\Tools\Maven_repo\org\jvnet\staxex\stax-ex\1.8.1\stax-ex-1.8.1.jar;D:\Tools\Maven_repo\com\sun\xml\fastinfoset\FastInfoset\1.2.16\FastInfoset-1.2.16.jar;D:\Tools\Maven_repo\org\webjars\webjars-locator-core\0.41\webjars-locator-core-0.41.jar;D:\Tools\Maven_repo\io\github\classgraph\classgraph\4.8.44\classgraph-4.8.44.jar;D:\Tools\Maven_repo\com\fasterxml\jackson\core\jackson-core\2.10.1\jackson-core-2.10.1.jar;D:\Tools\Maven_repo\org\webjars\npm\angular__http\2.4.10\angular__http-2.4.10.jar;D:\Tools\Maven_repo\org\webjars\jquery\2.2.4\jquery-2.2.4.jar;D:\Tools\Maven_repo\org\webjars\jquery-ui\1.11.4\jquery-ui-1.11.4.jar;D:\Tools\Maven_repo\org\webjars\bootstrap\3.3.6\bootstrap-3.3.6.jar;D:\Tools\Maven_repo\org\junit\jupiter\junit-jupiter-engine\5.5.2\junit-jupiter-engine-5.5.2.jar;D:\Tools\Maven_repo\org\apiguardian\apiguardian-api\1.1.0\apiguardian-api-1.1.0.jar;D:\Tools\Maven_repo\org\junit\platform\junit-platform-engine\1.5.2\junit-platform-engine-1.5.2.jar;D:\Tools\Maven_repo\org\opentest4j\opentest4j\1.2.0\opentest4j-1.2.0.jar;D:\Tools\Maven_repo\org\junit\platform\junit-platform-commons\1.5.2\junit-platform-commons-1.5.2.jar;D:\Tools\Maven_repo\org\junit\jupiter\junit-jupiter-api\5.5.2\junit-jupiter-api-5.5.2.jar;D:\Tools\Maven_repo\org\mockito\mockito-junit-jupiter\3.1.0\mockito-junit-jupiter-3.1.0.jar;D:\Tools\Maven_repo\org\springframework\boot\spring-boot-devtools\2.2.2.RELEASE\spring-boot-devtools-2.2.2.RELEASE.jar;D:\Tools\Maven_repo\org\springframework\boot\spring-boot\2.2.2.RELEASE\spring-boot-2.2.2.RELEASE.jar;D:\Tools\Maven_repo\org\springframework\boot\spring-boot-autoconfigure\2.2.2.RELEASE\spring-boot-autoconfigure-2.2.2.RELEASE.jar;"/>
    <property name="sun.cpu.endian" value="little"/>
    <property name="user.home" value="C:\Users\vishal.khot"/>
    <property name="user.language" value="en"/>
    <property name="git.closest.tag.commit.count" value=""/>
    <property name="java.specification.vendor" value="Oracle Corporation"/>
    <property name="java.home" value="C:\Program Files\Java\jdk1.8.0_144\jre"/>
    <property name="git.total.commit.count" value="674"/>
    <property name="file.separator" value="\"/>
    <property name="basedir" value="D:\AP2\SupportingSoftwares\CI-CD\TrainingSampleProject\spring-petclinic\spring-petclinic"/>
    <property name="line.separator" value="&#10;"/>
    <property name="git.build.user.email" value=""/>
    <property name="java.vm.specification.vendor" value="Oracle Corporation"/>
    <property name="java.specification.name" value="Java Platform API Specification"/>
    <property name="java.awt.graphicsenv" value="sun.awt.Win32GraphicsEnvironment"/>
    <property name="git.closest.tag.name" value=""/>
    <property name="git.local.branch.ahead" value="0"/>
    <property name="git.build.time" value="2019-12-16T16:25:57+0530"/>
    <property name="surefire.real.class.path" value="C:\Users\VISHAL~1.KHO\AppData\Local\Temp\surefire3686622977414335717\surefirebooter8661333148939250280.jar;D:\\Tools\\Maven_repo\\org\\jacoco\\org.jacoco.agent\\0.8.5\\org.jacoco.agent-0.8.5-runtime.jar"/>
    <property name="git.commit.message.full" value="Spring Boot 2.2.2"/>
    <property name="sun.boot.class.path" value="C:\Program Files\Java\jdk1.8.0_144\jre\lib\resources.jar;C:\Program Files\Java\jdk1.8.0_144\jre\lib\rt.jar;C:\Program Files\Java\jdk1.8.0_144\jre\lib\sunrsasign.jar;C:\Program Files\Java\jdk1.8.0_144\jre\lib\jsse.jar;C:\Program Files\Java\jdk1.8.0_144\jre\lib\jce.jar;C:\Program Files\Java\jdk1.8.0_144\jre\lib\charsets.jar;C:\Program Files\Java\jdk1.8.0_144\jre\lib\jfr.jar;C:\Program Files\Java\jdk1.8.0_144\jre\classes"/>
    <property name="user.script" value=""/>
    <property name="sun.management.compiler" value="HotSpot 64-Bit Tiered Compilers"/>
    <property name="java.runtime.version" value="1.8.0_144-b01"/>
    <property name="user.name" value="vishal.khot"/>
    <property name="path.separator" value=";"/>
    <property name="os.version" value="6.3"/>
    <property name="java.endorsed.dirs" value="C:\Program Files\Java\jdk1.8.0_144\jre\lib\endorsed"/>
    <property name="java.runtime.name" value="Java(TM) SE Runtime Environment"/>
    <property name="file.encoding" value="Cp1252"/>
    <property name="git.commit.user.email" value="dsyer@pivotal.io"/>
    <property name="java.vm.name" value="Java HotSpot(TM) 64-Bit Server VM"/>
    <property name="git.local.branch.behind" value="0"/>
    <property name="git.dirty" value="true"/>
    <property name="localRepository" value="D:\Tools\Maven_repo"/>
    <property name="java.vendor.url.bug" value="http://bugreport.sun.com/bugreport/"/>
    <property name="java.io.tmpdir" value="C:\Users\VISHAL~1.KHO\AppData\Local\Temp\"/>
    <property name="java.version" value="1.8.0_144"/>
    <property name="user.dir" value="D:\AP2\SupportingSoftwares\CI-CD\TrainingSampleProject\spring-petclinic\spring-petclinic"/>
    <property name="os.arch" value="amd64"/>
    <property name="git.commit.user.name" value="Dave Syer"/>
    <property name="git.commit.id.abbrev" value="f9424b5"/>
    <property name="java.vm.specification.name" value="Java Virtual Machine Specification"/>
    <property name="java.awt.printerjob" value="sun.awt.windows.WPrinterJob"/>
    <property name="git.commit.id.describe-short" value="f9424b5-dirty"/>
    <property name="sun.os.patch.level" value=""/>
    <property name="git.commit.id.describe" value="f9424b5-dirty"/>
    <property name="git.commit.message.short" value="Spring Boot 2.2.2"/>
    <property name="java.library.path" value="C:\Program Files\Java\jdk1.8.0_144\jre\bin;C:\Windows\Sun\Java\bin;C:\Windows\system32;C:\Windows;C:\ProgramFiles\Java\jdk1.7.0_40\bin;C:\ProgramData\Oracle\Java\javapath;C:\Windows\system32;C:\Windows;C:\Windows\System32\Wbem;C:\Windows\System32\WindowsPowerShell\v1.0\;C:\Program Files\TortoiseSVN\bin;C:\Program Files (x86)\Windows Live\Shared;C:\Program Files\Microsoft SQL Server\Client SDK\ODBC\110\Tools\Binn\;C:\Program Files (x86)\Microsoft SQL Server\120\Tools\Binn\ManagementStudio\;C:\Program Files (x86)\Microsoft SQL Server\120\Tools\Binn\;C:\Program Files\Microsoft SQL Server\120\Tools\Binn\;C:\Program Files (x86)\Microsoft SQL Server\120\DTS\Binn\;C:\Program Files\Microsoft SQL Server\120\DTS\Binn\;C:\Program Files (x86)\MakeAFP\MakeAFP Workbench Demo\;D:\AP2\SupportingSoftwares\CI-CD\sonar-scanner\bin;D:\AP2\SupportingSoftwares\CI-CD\ant\apache-ant-1.10.1\bin;C:\Program Files\Git\cmd;D:\AP2\SupportingSoftwares\CI-CD\apache-maven-3.6.1\bin;."/>
    <property name="java.vendor" value="Oracle Corporation"/>
    <property name="java.vm.info" value="mixed mode"/>
    <property name="java.vm.version" value="25.144-b01"/>
    <property name="sun.io.unicode.encoding" value="UnicodeLittle"/>
    <property name="java.ext.dirs" value="C:\Program Files\Java\jdk1.8.0_144\jre\lib\ext;C:\Windows\Sun\Java\lib\ext"/>
    <property name="java.class.version" value="52.0"/>
    <property name="git.commit.time" value="2019-12-10T21:51:41+0530"/>
    <property name="git.remote.origin.url" value="https://github.com/vishalkhot81/spring-petclinic"/>
  </properties>
  <testcase name="testShowVetListHtml" classname="org.springframework.samples.petclinic.vet.VetControllerTests" time="0.357"/>
  <testcase name="testShowResourcesVetList" classname="org.springframework.samples.petclinic.vet.VetControllerTests" time="0.584"/>
</testsuite>